2018-04-02 15:15:30 DISCARDED SMS [SMSC:] [SVC:tester] [ACT:] [BINF:] [FID:] [META:] [from:vangelis] [to:2123807974] [flags:-1:0:-1:-1:-1] [msg:4:test] [udh:0:]
2018-04-02 15:15:42 FAILED Send SMS [SMSC:Tyntec] [SVC:tester] [ACT:] [BINF:] [FID:] [META:] [from:vangelis] [to:2123807974] [flags:-1:0:-1:-1:-1] [msg:4:test] [udh:0:]
2018-04-02 15:17:26 DISCARDED SMS [SMSC:] [SVC:tester] [ACT:] [BINF:] [FID:] [META:] [from:4695130000] [to:2123807974] [flags:-1:0:-1:-1:-1] [msg:4:test] [udh:0:]
2018-04-02 15:17:35 DISCARDED SMS [SMSC:Tyntecc] [SVC:tester] [ACT:] [BINF:] [FID:] [META:] [from:4695130000] [to:2123807974] [flags:-1:0:-1:-1:-1] [msg:4:test] [udh:0:]
2018-04-02 15:17:37 FAILED Send SMS [SMSC:Tyntec] [SVC:tester] [ACT:] [BINF:] [FID:] [META:] [from:4695130000] [to:2123807974] [flags:-1:0:-1:-1:-1] [msg:4:test] [udh:0:]
2018-04-02 16:32:07 Receive SMS [SMSC:Tyntec] [SVC:] [ACT:ipc] [BINF:flyp1] [FID:] [META:?smpp?] [from:+18172039099] [to:+15852802000] [flags:-1:0:-1:0:-1] [msg:16:Test from tyntec] [udh:0:]
2018-04-02 16:47:42 Receive SMS [SMSC:Tyntec] [SVC:] [ACT:ipc] [BINF:flyp1] [FID:] [META:?smpp?] [from:+18172039099] [to:+15852802000] [flags:-1:0:-1:0:-1] [msg:26:This is a test from tyntec] [udh:0:]
2018-04-02 17:19:02 FAILED Send SMS [SMSC:Tyntec] [SVC:tester] [ACT:] [BINF:] [FID:] [META:] [from:15852802000] [to:18172039099] [flags:-1:0:-1:-1:-1] [msg:18:test%from%vangelis] [udh:0:]
2018-04-02 17:19:31 FAILED Send SMS [SMSC:Tyntec] [SVC:tester] [ACT:] [BINF:] [FID:] [META:] [from: 15852802000] [to:18172039099] [flags:-1:0:-1:-1:-1] [msg:18:test%from%vangelis] [udh:0:]
2018-04-02 17:21:21 Sent SMS [SMSC:Tyntec] [SVC:tester] [ACT:] [BINF:] [FID:] [META:] [from:+15852802000] [to:+18172039099] [flags:-1:0:-1:-1:-1] [msg:18:test%from%vangelis] [udh:0:]
2018-04-02 17:27:05 Receive SMS [SMSC:Tyntec] [SVC:] [ACT:ipc] [BINF:flyp1] [FID:] [META:?smpp?] [from:+18172039099] [to:+15852802000] [flags:-1:2:-1:0:-1] [msg:12:D83DDE03D83DDE00D83DDE09] [udh:0:]
2018-04-02 17:34:32 Receive SMS [SMSC:Tyntec] [SVC:] [ACT:ipc] [BINF:flyp1] [FID:] [META:?smpp?] [from:+18172039099] [to:+15852802000] [flags:-1:0:-1:0:-1] [msg:11:....a. v.ri] [udh:0:]
2018-04-02 17:44:40 FAILED Send SMS [SMSC:Tyntec] [SVC:tester] [ACT:] [BINF:] [FID:] [META:] [from: 15852802000] [to:18172039099] [flags:-1:0:-1:-1:-1] [msg:24:hello ???????????? bossk] [udh:0:]
2018-04-02 17:45:09 FAILED Send SMS [SMSC:Tyntec] [SVC:tester] [ACT:] [BINF:] [FID:] [META:] [from: 15852802000] [to:18172039099] [flags:-1:0:-1:-1:-1] [msg:24:hello ???????????? bossk] [udh:0:]
2018-04-02 17:45:22 FAILED Send SMS [SMSC:Tyntec] [SVC:tester] [ACT:] [BINF:] [FID:] [META:] [from: 15852802000] [to:18172039099] [flags:-1:2:-1:-1:-1] [msg:24:68656C6C6F20F09F9883F09F9880F09F988920626F73736B] [udh:0:]
2018-04-02 17:45:57 Sent SMS [SMSC:Tyntec] [SVC:tester] [ACT:] [BINF:] [FID:] [META:] [from:+15852802000] [to:+18172039099] [flags:-1:2:-1:-1:-1] [msg:24:68656C6C6F20F09F9883F09F9880F09F988920626F73736B] [udh:0:]
2018-04-02 17:58:10 Sent SMS [SMSC:Tyntec] [SVC:tester] [ACT:] [BINF:] [FID:] [META:] [from:+15852802000] [to:+18172039099] [flags:-1:2:-1:-1:-1] [msg:40:D984D988D8ADD8A920D8A7D984D985D981D8A7D8AAD98AD8AD20D8A7D984D8B9D8B1D8A8D98AD8A9] [udh:0:]
2018-04-02 18:35:53 Sent SMS [SMSC:Tyntec] [SVC:tester] [ACT:] [BINF:] [FID:] [META:] [from:+15852802000] [to:+18172039099] [flags:-1:2:-1:-1:-1] [msg:40:D984D988D8ADD8A920D8A7D984D985D981D8A7D8AAD98AD8AD20D8A7D984D8B9D8B1D8A8D98AD8A9] [udh:0:]
2018-04-02 18:41:38 Sent SMS [SMSC:Tyntec] [SVC:tester] [ACT:] [BINF:] [FID:] [META:] [from:+15852802000] [to:+18172039099] [flags:-1:2:-1:-1:-1] [msg:64:30363435303633313036326430363238303632373030323030363435303634363030323030363237303634343036346130363438303634363036323730363436] [udh:0:]
2018-04-02 18:49:30 Sent SMS [SMSC:Tyntec] [SVC:tester] [ACT:] [BINF:] [FID:] [META:] [from:+15852802000] [to:+18172039099] [flags:-1:2:-1:-1:-1] [msg:40:84D988D9ADD8A9D820A7D884D985D981D9A7D8AAD88AD9ADD820A7D884D9B9D8B1D8A8D88AD9A9D8] [udh:0:]
2018-04-02 18:52:21 Sent SMS [SMSC:Tyntec] [SVC:tester] [ACT:] [BINF:] [FID:] [META:] [from:+15852802000] [to:+18172039099] [flags:-1:2:-1:-1:-1] [msg:40:84D988D9ADD8A9D820A7D884D985D981D9A7D8AAD88AD9ADD820A7D884D9B9D8B1D8A8D88AD9A9D8] [udh:0:]
2018-04-02 19:05:34 Sent SMS [SMSC:Tyntec] [SVC:tester] [ACT:] [BINF:] [FID:] [META:] [from:+15852802000] [to:+18172039099] [flags:-1:2:-1:-1:-1] [msg:24:68656C6C6F20F09F9883F09F9880F09F988920626F73736B] [udh:0:]
2018-04-02 19:06:41 Sent SMS [SMSC:Tyntec] [SVC:tester] [ACT:] [BINF:] [FID:] [META:] [from:+15852802000] [to:+18172039099] [flags:-1:2:-1:-1:-1] [msg:92:D983D8A7D981D8A920D983D985D8A720D98AD982D8A7D8AAD984D988D986D983D98520D983D8A7D981D8A920D988D8A7D8B9D984D985D988D8A720D8A7D98620D8A7D984D984D98720D985D8B920D8A7D984D985D8AAD982D98AD986] [udh:0:]
2018-04-02 19:08:03 Sent SMS [SMSC:Tyntec] [SVC:tester] [ACT:] [BINF:] [FID:] [META:] [from:+15852802000] [to:+18172039099] [flags:-1:2:-1:-1:-1] [msg:92:83D9A7D881D9A9D82083D985D9A7D8208AD982D9A7D8AAD884D988D986D983D985D92083D9A7D881D9A9D82088D9A7D8B9D884D985D988D9A7D820A7D886D920A7D884D984D987D92085D9B9D820A7D884D985D9AAD882D98AD986D9] [udh:0:]
2018-04-02 19:10:23 Sent SMS [SMSC:Tyntec] [SVC:tester] [ACT:] [BINF:] [FID:] [META:] [from:+15852802000] [to:+18172039099] [flags:-1:2:-1:-1:-1] [msg:200:3630333436303732363031343630393230303032363033343630353436303732303030323630613436303234363037323630613236303434363038343630363436303334363035343030303236303334363037323630313436303932303030323630383436303732363039333630343436303534363038343630373230303032363037323630363430303032363037323630343436303434363037343030303236303534363039333030303236303732363034343630353436306132363032343630613436303634] [udh:0:]
2018-04-02 19:16:15 Sent SMS [SMSC:Tyntec] [SVC:tester] [ACT:] [BINF:] [FID:] [META:] [from:+15852802000] [to:+18172039099] [flags:-1:2:-1:-1:-1] [msg:94:04140430043D043D044B043C0020043F044004380435043C043E043C0020043C043E0436043D043E00200432043E0441043F043E043B044C0437043E043204300442044C0441044F00200434043B044F002004420435044104420430002C] [udh:0:]
2018-04-02 19:18:09 Sent SMS [SMSC:Tyntec] [SVC:tester] [ACT:] [BINF:] [FID:] [META:] [from:+15852802000] [to:+18172039099] [flags:-1:2:-1:-1:-1] [msg:42:06440648062D0629002006270644064506410627062A064A062D002006270644063906310628064A0629] [udh:0:]
2018-04-05 15:34:50 Receive SMS [SMSC:Tyntec] [SVC:] [ACT:ipc] [BINF:] [FID:] [META:?smpp?] [from:+13035899161] [to:+15852802000] [flags:-1:0:-1:0:-1] [msg:5:Hello] [udh:0:]
2018-04-05 15:51:10 Receive SMS [SMSC:Tyntec] [SVC:] [ACT:ipc] [BINF:] [FID:] [META:?smpp?] [from:+16824102022] [to:+15852802000] [flags:-1:0:-1:0:-1] [msg:17:Hey, how are you?] [udh:0:]
2018-04-05 16:08:48 Receive SMS [SMSC:Tyntec] [SVC:] [ACT:ipc] [BINF:] [FID:] [META:?smpp?] [from:+16824102022] [to:+14242150000] [flags:-1:0:-1:0:-1] [msg:12:another test] [udh:0:]  
